::1 - - [02/Mar/2023:13:21:15 -0600] "GET / HTTP/1.1" 200 46
::1 - - [02/Mar/2023:13:21:15 -0600] "GET / HTTP/1.1" 200 46
::1 - - [02/Mar/2023:13:21:16 -0600] "GET /favicon.ico HTTP/1.1" 404 196
::1 - - [02/Mar/2023:13:22:15 -0600] "-" 408 -
::1 - - [02/Mar/2023:13:31:10 -0600] "GET /mysite HTTP/1.1" 301 232
::1 - - [02/Mar/2023:13:31:10 -0600] "GET /mysite/ HTTP/1.1" 200 260
::1 - - [02/Mar/2023:13:31:10 -0600] "GET /mysite/ HTTP/1.1" 200 260
::1 - - [02/Mar/2023:13:31:16 -0600] "GET /mysite/index.php HTTP/1.1" 200 47
::1 - - [02/Mar/2023:13:31:16 -0600] "GET /mysite/index.php HTTP/1.1" 200 47
::1 - - [02/Mar/2023:13:35:06 -0600] "GET /mysite/ HTTP/1.1" 200 26
::1 - - [02/Mar/2023:13:35:06 -0600] "GET /mysite/ HTTP/1.1" 200 26
::1 - - [02/Mar/2023:13:36:06 -0600] "-" 408 -
::1 - - [02/Mar/2023:14:31:27 -0600] "GET /ide HTTP/1.1" 404 196
::1 - - [02/Mar/2023:14:31:27 -0600] "GET /ide HTTP/1.1" 404 196
::1 - - [02/Mar/2023:14:31:41 -0600] "GET /ide/ui/ide.html HTTP/1.1" 404 196
::1 - - [02/Mar/2023:14:31:41 -0600] "GET /ide/ui/ide.html HTTP/1.1" 404 196
::1 - - [02/Mar/2023:14:32:09 -0600] "GET /mysite/ HTTP/1.1" 200 26
::1 - - [02/Mar/2023:14:32:09 -0600] "GET /mysite/ HTTP/1.1" 200 26
::1 - - [02/Mar/2023:14:32:15 -0600] "GET /mysite/ide HTTP/1.1" 301 236
::1 - - [02/Mar/2023:14:32:15 -0600] "GET /mysite/ide/ HTTP/1.1" 200 297
::1 - - [02/Mar/2023:14:32:15 -0600] "GET /mysite/ide/ HTTP/1.1" 200 297
::1 - - [02/Mar/2023:14:32:35 -0600] "GET /mysite/ide/ui/ HTTP/1.1" 200 349
::1 - - [02/Mar/2023:14:32:35 -0600] "GET /mysite/ide/ui/ HTTP/1.1" 200 349
::1 - - [02/Mar/2023:14:32:37 -0600] "GET /mysite/ide/ui/ide.html HTTP/1.1" 200 1246
::1 - - [02/Mar/2023:14:32:37 -0600] "GET /mysite/ide/ui/css/style.css HTTP/1.1" 200 -
::1 - - [02/Mar/2023:14:32:37 -0600] "GET /mysite/ide/ui/js/lib/theme-monokai.js HTTP/1.1" 200 3574
::1 - - [02/Mar/2023:14:32:37 -0600] "GET /mysite/ide/ui/js/lib/ace.js HTTP/1.1" 200 770030
::1 - - [02/Mar/2023:14:32:37 -0600] "GET /mysite/ide/ui/js/ide.js HTTP/1.1" 200 -
::1 - - [02/Mar/2023:14:32:37 -0600] "GET /mysite/ide/ui/ide.html HTTP/1.1" 200 1246
::1 - - [02/Mar/2023:14:33:54 -0600] "GET /mysite/ide/ui/ide.html HTTP/1.1" 200 1246
::1 - - [02/Mar/2023:14:33:55 -0600] "GET /mysite/ide/ui/ide.html HTTP/1.1" 200 1246
::1 - - [02/Mar/2023:14:33:55 -0600] "GET /mysite/ide/ui/ide.html HTTP/1.1" 200 1246
::1 - - [02/Mar/2023:14:33:55 -0600] "GET /mysite/ide/ui/ide.html HTTP/1.1" 200 1246
::1 - - [02/Mar/2023:14:33:55 -0600] "GET /mysite/ide/ui/ide.html HTTP/1.1" 200 1246
::1 - - [02/Mar/2023:14:33:55 -0600] "GET /mysite/ide/ui/ide.html HTTP/1.1" 200 1246
::1 - - [02/Mar/2023:14:33:55 -0600] "GET /mysite/ide/ui/ide.html HTTP/1.1" 200 1246
::1 - - [02/Mar/2023:14:33:55 -0600] "GET /mysite/ide/ui/ide.html HTTP/1.1" 200 1246
::1 - - [02/Mar/2023:14:33:56 -0600] "GET /mysite/ide/ui/ide.html HTTP/1.1" 200 1246
::1 - - [02/Mar/2023:14:33:56 -0600] "GET /mysite/ide/ui/ide.html HTTP/1.1" 200 1246
::1 - - [02/Mar/2023:14:34:08 -0600] "GET /mysite/ide/ui/ide.html HTTP/1.1" 200 1246
::1 - - [02/Mar/2023:14:34:08 -0600] "GET /mysite/ide/ui/ide.html HTTP/1.1" 200 1246
::1 - - [02/Mar/2023:15:36:32 -0600] "GET /mysite/ide/ HTTP/1.1" 200 297
::1 - - [02/Mar/2023:15:36:32 -0600] "GET /mysite/ide/ HTTP/1.1" 200 297
::1 - - [02/Mar/2023:15:36:34 -0600] "GET /mysite/ide/ui/ HTTP/1.1" 200 349
::1 - - [02/Mar/2023:15:36:34 -0600] "GET /mysite/ide/ui/ HTTP/1.1" 200 349
::1 - - [02/Mar/2023:15:36:36 -0600] "GET /mysite/ide/ui/ide.html HTTP/1.1" 200 1246
::1 - - [02/Mar/2023:15:36:37 -0600] "GET /mysite/ide/ui/css/style.css HTTP/1.1" 200 701
::1 - - [02/Mar/2023:15:36:37 -0600] "GET /mysite/ide/ui/js/ide.js HTTP/1.1" 200 908
::1 - - [02/Mar/2023:15:36:37 -0600] "GET /mysite/ide/ui/ide.html HTTP/1.1" 200 1246
::1 - - [02/Mar/2023:15:36:37 -0600] "GET /mysite/ide/ui/js/lib/mode-c_cpp.js HTTP/1.1" 200 18971
::1 - - [02/Mar/2023:15:36:48 -0600] "GET /mysite/ide/ui/js/lib/mode-python.js HTTP/1.1" 200 16408
::1 - - [02/Mar/2023:15:36:50 -0600] "POST /ide/app/compiler.php HTTP/1.1" 404 196
::1 - - [02/Mar/2023:15:36:51 -0600] "POST /ide/app/compiler.php HTTP/1.1" 404 196
::1 - - [02/Mar/2023:15:36:54 -0600] "POST /ide/app/compiler.php HTTP/1.1" 404 196
::1 - - [02/Mar/2023:15:36:54 -0600] "POST /ide/app/compiler.php HTTP/1.1" 404 196
::1 - - [02/Mar/2023:15:36:55 -0600] "POST /ide/app/compiler.php HTTP/1.1" 404 196
::1 - - [02/Mar/2023:15:36:55 -0600] "POST /ide/app/compiler.php HTTP/1.1" 404 196
::1 - - [02/Mar/2023:15:36:58 -0600] "POST /ide/app/compiler.php HTTP/1.1" 404 196
::1 - - [02/Mar/2023:15:36:58 -0600] "POST /ide/app/compiler.php HTTP/1.1" 404 196
::1 - - [02/Mar/2023:15:36:58 -0600] "POST /ide/app/compiler.php HTTP/1.1" 404 196
::1 - - [02/Mar/2023:15:36:59 -0600] "POST /ide/app/compiler.php HTTP/1.1" 404 196
::1 - - [02/Mar/2023:15:38:41 -0600] "POST /ide/app/compiler.php HTTP/1.1" 404 196
::1 - - [02/Mar/2023:15:38:41 -0600] "POST /ide/app/compiler.php HTTP/1.1" 404 196
::1 - - [02/Mar/2023:15:38:41 -0600] "POST /ide/app/compiler.php HTTP/1.1" 404 196
::1 - - [02/Mar/2023:15:38:42 -0600] "POST /ide/app/compiler.php HTTP/1.1" 404 196
::1 - - [02/Mar/2023:15:39:10 -0600] "POST /ide/app/compiler.php HTTP/1.1" 404 196
::1 - - [02/Mar/2023:15:39:11 -0600] "POST /ide/app/compiler.php HTTP/1.1" 404 196
::1 - - [02/Mar/2023:15:39:12 -0600] "POST /ide/app/compiler.php HTTP/1.1" 404 196
::1 - - [02/Mar/2023:15:39:46 -0600] "POST /ide/app/compiler.php HTTP/1.1" 404 196
::1 - - [02/Mar/2023:15:39:47 -0600] "POST /ide/app/compiler.php HTTP/1.1" 404 196
::1 - - [02/Mar/2023:15:39:47 -0600] "POST /ide/app/compiler.php HTTP/1.1" 404 196
::1 - - [02/Mar/2023:16:04:49 -0600] "POST /ide/app/compiler.php HTTP/1.1" 404 196
::1 - - [02/Mar/2023:16:04:49 -0600] "POST /ide/app/compiler.php HTTP/1.1" 404 196
::1 - - [02/Mar/2023:16:04:49 -0600] "POST /ide/app/compiler.php HTTP/1.1" 404 196
::1 - - [02/Mar/2023:16:04:50 -0600] "POST /ide/app/compiler.php HTTP/1.1" 404 196
::1 - - [02/Mar/2023:16:04:56 -0600] "POST /ide/app/compiler.php HTTP/1.1" 404 196
::1 - - [02/Mar/2023:16:04:57 -0600] "POST /ide/app/compiler.php HTTP/1.1" 404 196
::1 - - [02/Mar/2023:16:04:57 -0600] "POST /ide/app/compiler.php HTTP/1.1" 404 196
::1 - - [02/Mar/2023:16:04:57 -0600] "POST /ide/app/compiler.php HTTP/1.1" 404 196
::1 - - [02/Mar/2023:16:04:57 -0600] "POST /ide/app/compiler.php HTTP/1.1" 404 196
::1 - - [02/Mar/2023:16:04:58 -0600] "POST /ide/app/compiler.php HTTP/1.1" 404 196
::1 - - [02/Mar/2023:16:04:58 -0600] "POST /ide/app/compiler.php HTTP/1.1" 404 196
::1 - - [02/Mar/2023:16:04:59 -0600] "POST /ide/app/compiler.php HTTP/1.1" 404 196
::1 - - [02/Mar/2023:16:04:59 -0600] "POST /ide/app/compiler.php HTTP/1.1" 404 196
::1 - - [02/Mar/2023:16:04:59 -0600] "POST /ide/app/compiler.php HTTP/1.1" 404 196
::1 - - [02/Mar/2023:16:05:00 -0600] "POST /ide/app/compiler.php HTTP/1.1" 404 196
::1 - - [02/Mar/2023:16:05:00 -0600] "POST /ide/app/compiler.php HTTP/1.1" 404 196
::1 - - [02/Mar/2023:16:05:00 -0600] "POST /ide/app/compiler.php HTTP/1.1" 404 196
::1 - - [02/Mar/2023:16:05:00 -0600] "POST /ide/app/compiler.php HTTP/1.1" 404 196
::1 - - [02/Mar/2023:16:05:00 -0600] "POST /ide/app/compiler.php HTTP/1.1" 404 196
::1 - - [02/Mar/2023:16:05:00 -0600] "POST /ide/app/compiler.php HTTP/1.1" 404 196
::1 - - [02/Mar/2023:16:05:00 -0600] "POST /ide/app/compiler.php HTTP/1.1" 404 196
::1 - - [02/Mar/2023:16:05:01 -0600] "POST /ide/app/compiler.php HTTP/1.1" 404 196
::1 - - [02/Mar/2023:16:05:01 -0600] "POST /ide/app/compiler.php HTTP/1.1" 404 196
::1 - - [02/Mar/2023:16:05:01 -0600] "POST /ide/app/compiler.php HTTP/1.1" 404 196
::1 - - [02/Mar/2023:16:10:44 -0600] "GET /mysite/ide/ui/ide.html HTTP/1.1" 200 1123
::1 - - [02/Mar/2023:16:10:44 -0600] "GET /mysite/ide/ui/css/style.css HTTP/1.1" 304 -
::1 - - [02/Mar/2023:16:10:44 -0600] "GET /mysite/ide/ui/js/ide.js HTTP/1.1" 304 -
::1 - - [02/Mar/2023:16:10:44 -0600] "GET /mysite/ide/ui/ide.html HTTP/1.1" 200 1123
::1 - - [02/Mar/2023:16:10:51 -0600] "GET /mysite/ide/ui/js/lib/mode-php.js HTTP/1.1" 200 632466
::1 - - [02/Mar/2023:16:10:51 -0600] "GET /mysite/ide/ui/js/lib/worker-php.js HTTP/1.1" 200 131108
::1 - - [02/Mar/2023:16:11:17 -0600] "GET /mysite/ide/ui/ide.html HTTP/1.1" 200 1123
::1 - - [02/Mar/2023:16:11:17 -0600] "GET /mysite/ide/ui/ide.html HTTP/1.1" 200 1123
::1 - - [02/Mar/2023:16:11:22 -0600] "GET /mysite/ide/ui/ide.html HTTP/1.1" 200 1123
::1 - - [02/Mar/2023:16:11:22 -0600] "GET /mysite/ide/ui/ide.html HTTP/1.1" 200 1123
::1 - - [02/Mar/2023:16:12:22 -0600] "-" 408 -
::1 - - [02/Mar/2023:16:33:16 -0600] "-" 408 -
